<?xml version="1.0" encoding="UTF-8"?>
<testsuite xmlns:xsi="http://www.w3.org/2001/XMLSchema-instance" xsi:noNamespaceSchemaLocation="https://maven.apache.org/surefire/maven-surefire-plugin/xsd/surefire-test-report-3.0.xsd" version="3.0" name="com.mercantil.example.mercantiltest.MercantiltestApplicationTests" time="3.827" tests="5" errors="0" skipped="0" failures="0">
  <properties>
    <property name="sun.desktop" value="windows"/>
    <property name="awt.toolkit" value="sun.awt.windows.WToolkit"/>
    <property name="file.encoding.pkg" value="sun.io"/>
    <property name="java.specification.version" value="1.8"/>
    <property name="sun.cpu.isalist" value="amd64"/>
    <property name="sun.jnu.encoding" value="Cp1252"/>
    <property name="java.class.path" value="E:\Descargas\FinalCarrera\mercantiltest\target\test-classes;E:\Descargas\FinalCarrera\mercantiltest\target\classes;C:\Users\valen\.m2\repository\org\springframework\boot\spring-boot-starter-data-jpa\2.6.13\spring-boot-starter-data-jpa-2.6.13.jar;C:\Users\valen\.m2\repository\org\springframework\boot\spring-boot-starter-aop\2.6.13\spring-boot-starter-aop-2.6.13.jar;C:\Users\valen\.m2\repository\org\springframework\spring-aop\5.3.23\spring-aop-5.3.23.jar;C:\Users\valen\.m2\repository\org\aspectj\aspectjweaver\1.9.7\aspectjweaver-1.9.7.jar;C:\Users\valen\.m2\repository\org\springframework\boot\spring-boot-starter-jdbc\2.6.13\spring-boot-starter-jdbc-2.6.13.jar;C:\Users\valen\.m2\repository\com\zaxxer\HikariCP\4.0.3\HikariCP-4.0.3.jar;C:\Users\valen\.m2\repository\org\springframework\spring-jdbc\5.3.23\spring-jdbc-5.3.23.jar;C:\Users\valen\.m2\repository\jakarta\transaction\jakarta.transaction-api\1.3.3\jakarta.transaction-api-1.3.3.jar;C:\Users\valen\.m2\repository\jakarta\persistence\jakarta.persistence-api\2.2.3\jakarta.persistence-api-2.2.3.jar;C:\Users\valen\.m2\repository\org\hibernate\hibernate-core\5.6.12.Final\hibernate-core-5.6.12.Final.jar;C:\Users\valen\.m2\repository\org\jboss\logging\jboss-logging\3.4.3.Final\jboss-logging-3.4.3.Final.jar;C:\Users\valen\.m2\repository\net\bytebuddy\byte-buddy\1.11.22\byte-buddy-1.11.22.jar;C:\Users\valen\.m2\repository\antlr\antlr\2.7.7\antlr-2.7.7.jar;C:\Users\valen\.m2\repository\org\jboss\jandex\2.4.2.Final\jandex-2.4.2.Final.jar;C:\Users\valen\.m2\repository\com\fasterxml\classmate\1.5.1\classmate-1.5.1.jar;C:\Users\valen\.m2\repository\org\hibernate\common\hibernate-commons-annotations\5.1.2.Final\hibernate-commons-annotations-5.1.2.Final.jar;C:\Users\valen\.m2\repository\org\glassfish\jaxb\jaxb-runtime\2.3.7\jaxb-runtime-2.3.7.jar;C:\Users\valen\.m2\repository\org\glassfish\jaxb\txw2\2.3.7\txw2-2.3.7.jar;C:\Users\valen\.m2\repository\com\sun\istack\istack-commons-runtime\3.0.12\istack-commons-runtime-3.0.12.jar;C:\Users\valen\.m2\repository\com\sun\activation\jakarta.activation\1.2.2\jakarta.activation-1.2.2.jar;C:\Users\valen\.m2\repository\org\springframework\data\spring-data-jpa\2.6.9\spring-data-jpa-2.6.9.jar;C:\Users\valen\.m2\repository\org\springframework\data\spring-data-commons\2.6.9\spring-data-commons-2.6.9.jar;C:\Users\valen\.m2\repository\org\springframework\spring-orm\5.3.23\spring-orm-5.3.23.jar;C:\Users\valen\.m2\repository\org\springframework\spring-context\5.3.23\spring-context-5.3.23.jar;C:\Users\valen\.m2\repository\org\springframework\spring-tx\5.3.23\spring-tx-5.3.23.jar;C:\Users\valen\.m2\repository\org\springframework\spring-beans\5.3.23\spring-beans-5.3.23.jar;C:\Users\valen\.m2\repository\org\slf4j\slf4j-api\1.7.36\slf4j-api-1.7.36.jar;C:\Users\valen\.m2\repository\org\springframework\spring-aspects\5.3.23\spring-aspects-5.3.23.jar;C:\Users\valen\.m2\repository\org\springframework\boot\spring-boot-starter-validation\2.6.13\spring-boot-starter-validation-2.6.13.jar;C:\Users\valen\.m2\repository\org\springframework\boot\spring-boot-starter\2.6.13\spring-boot-starter-2.6.13.jar;C:\Users\valen\.m2\repository\org\springframework\boot\spring-boot\2.6.13\spring-boot-2.6.13.jar;C:\Users\valen\.m2\repository\org\springframework\boot\spring-boot-autoconfigure\2.6.13\spring-boot-autoconfigure-2.6.13.jar;C:\Users\valen\.m2\repository\org\springframework\boot\spring-boot-starter-logging\2.6.13\spring-boot-starter-logging-2.6.13.jar;C:\Users\valen\.m2\repository\ch\qos\logback\logback-classic\1.2.11\logback-classic-1.2.11.jar;C:\Users\valen\.m2\repository\ch\qos\logback\logback-core\1.2.11\logback-core-1.2.11.jar;C:\Users\valen\.m2\repository\org\apache\logging\log4j\log4j-to-slf4j\2.17.2\log4j-to-slf4j-2.17.2.jar;C:\Users\valen\.m2\repository\org\apache\logging\log4j\log4j-api\2.17.2\log4j-api-2.17.2.jar;C:\Users\valen\.m2\repository\org\slf4j\jul-to-slf4j\1.7.36\jul-to-slf4j-1.7.36.jar;C:\Users\valen\.m2\repository\jakarta\annotation\jakarta.annotation-api\1.3.5\jakarta.annotation-api-1.3.5.jar;C:\Users\valen\.m2\repository\org\yaml\snakeyaml\1.29\snakeyaml-1.29.jar;C:\Users\valen\.m2\repository\org\apache\tomcat\embed\tomcat-embed-el\9.0.68\tomcat-embed-el-9.0.68.jar;C:\Users\valen\.m2\repository\org\hibernate\validator\hibernate-validator\6.2.5.Final\hibernate-validator-6.2.5.Final.jar;C:\Users\valen\.m2\repository\jakarta\validation\jakarta.validation-api\2.0.2\jakarta.validation-api-2.0.2.jar;C:\Users\valen\.m2\repository\org\skyscreamer\jsonassert\1.5.1\jsonassert-1.5.1.jar;C:\Users\valen\.m2\repository\com\vaadin\external\google\android-json\0.0.20131108.vaadin1\android-json-0.0.20131108.vaadin1.jar;C:\Users\valen\.m2\repository\org\springframework\boot\spring-boot-starter-web\2.6.13\spring-boot-starter-web-2.6.13.jar;C:\Users\valen\.m2\repository\org\springframework\boot\spring-boot-starter-json\2.6.13\spring-boot-starter-json-2.6.13.jar;C:\Users\valen\.m2\repository\com\fasterxml\jackson\core\jackson-databind\2.13.4.2\jackson-databind-2.13.4.2.jar;C:\Users\valen\.m2\repository\com\fasterxml\jackson\core\jackson-annotations\2.13.4\jackson-annotations-2.13.4.jar;C:\Users\valen\.m2\repository\com\fasterxml\jackson\core\jackson-core\2.13.4\jackson-core-2.13.4.jar;C:\Users\valen\.m2\repository\com\fasterxml\jackson\datatype\jackson-datatype-jdk8\2.13.4\jackson-datatype-jdk8-2.13.4.jar;C:\Users\valen\.m2\repository\com\fasterxml\jackson\datatype\jackson-datatype-jsr310\2.13.4\jackson-datatype-jsr310-2.13.4.jar;C:\Users\valen\.m2\repository\com\fasterxml\jackson\module\jackson-module-parameter-names\2.13.4\jackson-module-parameter-names-2.13.4.jar;C:\Users\valen\.m2\repository\org\springframework\boot\spring-boot-starter-tomcat\2.6.13\spring-boot-starter-tomcat-2.6.13.jar;C:\Users\valen\.m2\repository\org\apache\tomcat\embed\tomcat-embed-core\9.0.68\tomcat-embed-core-9.0.68.jar;C:\Users\valen\.m2\repository\org\apache\tomcat\embed\tomcat-embed-websocket\9.0.68\tomcat-embed-websocket-9.0.68.jar;C:\Users\valen\.m2\repository\org\springframework\spring-web\5.3.23\spring-web-5.3.23.jar;C:\Users\valen\.m2\repository\org\springframework\spring-webmvc\5.3.23\spring-webmvc-5.3.23.jar;C:\Users\valen\.m2\repository\org\springframework\spring-expression\5.3.23\spring-expression-5.3.23.jar;C:\Users\valen\.m2\repository\com\h2database\h2\1.4.200\h2-1.4.200.jar;C:\Users\valen\.m2\repository\org\springdoc\springdoc-openapi-ui\1.7.0\springdoc-openapi-ui-1.7.0.jar;C:\Users\valen\.m2\repository\org\springdoc\springdoc-openapi-webmvc-core\1.7.0\springdoc-openapi-webmvc-core-1.7.0.jar;C:\Users\valen\.m2\repository\org\springdoc\springdoc-openapi-common\1.7.0\springdoc-openapi-common-1.7.0.jar;C:\Users\valen\.m2\repository\io\swagger\core\v3\swagger-core\2.2.9\swagger-core-2.2.9.jar;C:\Users\valen\.m2\repository\org\apache\commons\commons-lang3\3.12.0\commons-lang3-3.12.0.jar;C:\Users\valen\.m2\repository\com\fasterxml\jackson\dataformat\jackson-dataformat-yaml\2.13.4\jackson-dataformat-yaml-2.13.4.jar;C:\Users\valen\.m2\repository\io\swagger\core\v3\swagger-annotations\2.2.9\swagger-annotations-2.2.9.jar;C:\Users\valen\.m2\repository\io\swagger\core\v3\swagger-models\2.2.9\swagger-models-2.2.9.jar;C:\Users\valen\.m2\repository\org\webjars\swagger-ui\4.18.2\swagger-ui-4.18.2.jar;C:\Users\valen\.m2\repository\org\projectlombok\lombok\1.18.24\lombok-1.18.24.jar;C:\Users\valen\.m2\repository\org\springframework\boot\spring-boot-starter-test\2.6.13\spring-boot-starter-test-2.6.13.jar;C:\Users\valen\.m2\repository\org\springframework\boot\spring-boot-test\2.6.13\spring-boot-test-2.6.13.jar;C:\Users\valen\.m2\repository\org\springframework\boot\spring-boot-test-autoconfigure\2.6.13\spring-boot-test-autoconfigure-2.6.13.jar;C:\Users\valen\.m2\repository\com\jayway\jsonpath\json-path\2.6.0\json-path-2.6.0.jar;C:\Users\valen\.m2\repository\net\minidev\json-smart\2.4.8\json-smart-2.4.8.jar;C:\Users\valen\.m2\repository\net\minidev\accessors-smart\2.4.8\accessors-smart-2.4.8.jar;C:\Users\valen\.m2\repository\org\ow2\asm\asm\9.1\asm-9.1.jar;C:\Users\valen\.m2\repository\jakarta\xml\bind\jakarta.xml.bind-api\2.3.3\jakarta.xml.bind-api-2.3.3.jar;C:\Users\valen\.m2\repository\jakarta\activation\jakarta.activation-api\1.2.2\jakarta.activation-api-1.2.2.jar;C:\Users\valen\.m2\repository\org\assertj\assertj-core\3.21.0\assertj-core-3.21.0.jar;C:\Users\valen\.m2\repository\org\hamcrest\hamcrest\2.2\hamcrest-2.2.jar;C:\Users\valen\.m2\repository\org\junit\jupiter\junit-jupiter\5.8.2\junit-jupiter-5.8.2.jar;C:\Users\valen\.m2\repository\org\junit\jupiter\junit-jupiter-api\5.8.2\junit-jupiter-api-5.8.2.jar;C:\Users\valen\.m2\repository\org\opentest4j\opentest4j\1.2.0\opentest4j-1.2.0.jar;C:\Users\valen\.m2\repository\org\junit\platform\junit-platform-commons\1.8.2\junit-platform-commons-1.8.2.jar;C:\Users\valen\.m2\repository\org\apiguardian\apiguardian-api\1.1.2\apiguardian-api-1.1.2.jar;C:\Users\valen\.m2\repository\org\junit\jupiter\junit-jupiter-params\5.8.2\junit-jupiter-params-5.8.2.jar;C:\Users\valen\.m2\repository\org\junit\jupiter\junit-jupiter-engine\5.8.2\junit-jupiter-engine-5.8.2.jar;C:\Users\valen\.m2\repository\org\junit\platform\junit-platform-engine\1.8.2\junit-platform-engine-1.8.2.jar;C:\Users\valen\.m2\repository\org\mockito\mockito-core\4.0.0\mockito-core-4.0.0.jar;C:\Users\valen\.m2\repository\net\bytebuddy\byte-buddy-agent\1.11.22\byte-buddy-agent-1.11.22.jar;C:\Users\valen\.m2\repository\org\objenesis\objenesis\3.2\objenesis-3.2.jar;C:\Users\valen\.m2\repository\org\mockito\mockito-junit-jupiter\4.0.0\mockito-junit-jupiter-4.0.0.jar;C:\Users\valen\.m2\repository\org\springframework\spring-core\5.3.23\spring-core-5.3.23.jar;C:\Users\valen\.m2\repository\org\springframework\spring-jcl\5.3.23\spring-jcl-5.3.23.jar;C:\Users\valen\.m2\repository\org\springframework\spring-test\5.3.23\spring-test-5.3.23.jar;C:\Users\valen\.m2\repository\org\xmlunit\xmlunit-core\2.8.4\xmlunit-core-2.8.4.jar;"/>
    <property name="java.vm.vendor" value="Azul Systems, Inc."/>
    <property name="sun.arch.data.model" value="64"/>
    <property name="user.variant" value=""/>
    <property name="java.vendor.url" value="http://www.azul.com/"/>
    <property name="user.timezone" value="America/Buenos_Aires"/>
    <property name="java.vm.specification.version" value="1.8"/>
    <property name="os.name" value="Windows 10"/>
    <property name="user.country" value="AR"/>
    <property name="sun.java.launcher" value="SUN_STANDARD"/>
    <property name="sun.boot.library.path" value="C:\Program Files\Zulu\zulu-8\jre\bin"/>
    <property name="sun.java.command" value="C:\Users\valen\AppData\Local\Temp\surefire4252197923093480506\surefirebooter-20240130185031506_3.jar C:\Users\valen\AppData\Local\Temp\surefire4252197923093480506 2024-01-30T18-50-31_304-jvmRun1 surefire-20240130185031506_1tmp surefire_0-20240130185031506_2tmp"/>
    <property name="surefire.test.class.path" value="E:\Descargas\FinalCarrera\mercantiltest\target\test-classes;E:\Descargas\FinalCarrera\mercantiltest\target\classes;C:\Users\valen\.m2\repository\org\springframework\boot\spring-boot-starter-data-jpa\2.6.13\spring-boot-starter-data-jpa-2.6.13.jar;C:\Users\valen\.m2\repository\org\springframework\boot\spring-boot-starter-aop\2.6.13\spring-boot-starter-aop-2.6.13.jar;C:\Users\valen\.m2\repository\org\springframework\spring-aop\5.3.23\spring-aop-5.3.23.jar;C:\Users\valen\.m2\repository\org\aspectj\aspectjweaver\1.9.7\aspectjweaver-1.9.7.jar;C:\Users\valen\.m2\repository\org\springframework\boot\spring-boot-starter-jdbc\2.6.13\spring-boot-starter-jdbc-2.6.13.jar;C:\Users\valen\.m2\repository\com\zaxxer\HikariCP\4.0.3\HikariCP-4.0.3.jar;C:\Users\valen\.m2\repository\org\springframework\spring-jdbc\5.3.23\spring-jdbc-5.3.23.jar;C:\Users\valen\.m2\repository\jakarta\transaction\jakarta.transaction-api\1.3.3\jakarta.transaction-api-1.3.3.jar;C:\Users\valen\.m2\repository\jakarta\persistence\jakarta.persistence-api\2.2.3\jakarta.persistence-api-2.2.3.jar;C:\Users\valen\.m2\repository\org\hibernate\hibernate-core\5.6.12.Final\hibernate-core-5.6.12.Final.jar;C:\Users\valen\.m2\repository\org\jboss\logging\jboss-logging\3.4.3.Final\jboss-logging-3.4.3.Final.jar;C:\Users\valen\.m2\repository\net\bytebuddy\byte-buddy\1.11.22\byte-buddy-1.11.22.jar;C:\Users\valen\.m2\repository\antlr\antlr\2.7.7\antlr-2.7.7.jar;C:\Users\valen\.m2\repository\org\jboss\jandex\2.4.2.Final\jandex-2.4.2.Final.jar;C:\Users\valen\.m2\repository\com\fasterxml\classmate\1.5.1\classmate-1.5.1.jar;C:\Users\valen\.m2\repository\org\hibernate\common\hibernate-commons-annotations\5.1.2.Final\hibernate-commons-annotations-5.1.2.Final.jar;C:\Users\valen\.m2\repository\org\glassfish\jaxb\jaxb-runtime\2.3.7\jaxb-runtime-2.3.7.jar;C:\Users\valen\.m2\repository\org\glassfish\jaxb\txw2\2.3.7\txw2-2.3.7.jar;C:\Users\valen\.m2\repository\com\sun\istack\istack-commons-runtime\3.0.12\istack-commons-runtime-3.0.12.jar;C:\Users\valen\.m2\repository\com\sun\activation\jakarta.activation\1.2.2\jakarta.activation-1.2.2.jar;C:\Users\valen\.m2\repository\org\springframework\data\spring-data-jpa\2.6.9\spring-data-jpa-2.6.9.jar;C:\Users\valen\.m2\repository\org\springframework\data\spring-data-commons\2.6.9\spring-data-commons-2.6.9.jar;C:\Users\valen\.m2\repository\org\springframework\spring-orm\5.3.23\spring-orm-5.3.23.jar;C:\Users\valen\.m2\repository\org\springframework\spring-context\5.3.23\spring-context-5.3.23.jar;C:\Users\valen\.m2\repository\org\springframework\spring-tx\5.3.23\spring-tx-5.3.23.jar;C:\Users\valen\.m2\repository\org\springframework\spring-beans\5.3.23\spring-beans-5.3.23.jar;C:\Users\valen\.m2\repository\org\slf4j\slf4j-api\1.7.36\slf4j-api-1.7.36.jar;C:\Users\valen\.m2\repository\org\springframework\spring-aspects\5.3.23\spring-aspects-5.3.23.jar;C:\Users\valen\.m2\repository\org\springframework\boot\spring-boot-starter-validation\2.6.13\spring-boot-starter-validation-2.6.13.jar;C:\Users\valen\.m2\repository\org\springframework\boot\spring-boot-starter\2.6.13\spring-boot-starter-2.6.13.jar;C:\Users\valen\.m2\repository\org\springframework\boot\spring-boot\2.6.13\spring-boot-2.6.13.jar;C:\Users\valen\.m2\repository\org\springframework\boot\spring-boot-autoconfigure\2.6.13\spring-boot-autoconfigure-2.6.13.jar;C:\Users\valen\.m2\repository\org\springframework\boot\spring-boot-starter-logging\2.6.13\spring-boot-starter-logging-2.6.13.jar;C:\Users\valen\.m2\repository\ch\qos\logback\logback-classic\1.2.11\logback-classic-1.2.11.jar;C:\Users\valen\.m2\repository\ch\qos\logback\logback-core\1.2.11\logback-core-1.2.11.jar;C:\Users\valen\.m2\repository\org\apache\logging\log4j\log4j-to-slf4j\2.17.2\log4j-to-slf4j-2.17.2.jar;C:\Users\valen\.m2\repository\org\apache\logging\log4j\log4j-api\2.17.2\log4j-api-2.17.2.jar;C:\Users\valen\.m2\repository\org\slf4j\jul-to-slf4j\1.7.36\jul-to-slf4j-1.7.36.jar;C:\Users\valen\.m2\repository\jakarta\annotation\jakarta.annotation-api\1.3.5\jakarta.annotation-api-1.3.5.jar;C:\Users\valen\.m2\repository\org\yaml\snakeyaml\1.29\snakeyaml-1.29.jar;C:\Users\valen\.m2\repository\org\apache\tomcat\embed\tomcat-embed-el\9.0.68\tomcat-embed-el-9.0.68.jar;C:\Users\valen\.m2\repository\org\hibernate\validator\hibernate-validator\6.2.5.Final\hibernate-validator-6.2.5.Final.jar;C:\Users\valen\.m2\repository\jakarta\validation\jakarta.validation-api\2.0.2\jakarta.validation-api-2.0.2.jar;C:\Users\valen\.m2\repository\org\skyscreamer\jsonassert\1.5.1\jsonassert-1.5.1.jar;C:\Users\valen\.m2\repository\com\vaadin\external\google\android-json\0.0.20131108.vaadin1\android-json-0.0.20131108.vaadin1.jar;C:\Users\valen\.m2\repository\org\springframework\boot\spring-boot-starter-web\2.6.13\spring-boot-starter-web-2.6.13.jar;C:\Users\valen\.m2\repository\org\springframework\boot\spring-boot-starter-json\2.6.13\spring-boot-starter-json-2.6.13.jar;C:\Users\valen\.m2\repository\com\fasterxml\jackson\core\jackson-databind\2.13.4.2\jackson-databind-2.13.4.2.jar;C:\Users\valen\.m2\repository\com\fasterxml\jackson\core\jackson-annotations\2.13.4\jackson-annotations-2.13.4.jar;C:\Users\valen\.m2\repository\com\fasterxml\jackson\core\jackson-core\2.13.4\jackson-core-2.13.4.jar;C:\Users\valen\.m2\repository\com\fasterxml\jackson\datatype\jackson-datatype-jdk8\2.13.4\jackson-datatype-jdk8-2.13.4.jar;C:\Users\valen\.m2\repository\com\fasterxml\jackson\datatype\jackson-datatype-jsr310\2.13.4\jackson-datatype-jsr310-2.13.4.jar;C:\Users\valen\.m2\repository\com\fasterxml\jackson\module\jackson-module-parameter-names\2.13.4\jackson-module-parameter-names-2.13.4.jar;C:\Users\valen\.m2\repository\org\springframework\boot\spring-boot-starter-tomcat\2.6.13\spring-boot-starter-tomcat-2.6.13.jar;C:\Users\valen\.m2\repository\org\apache\tomcat\embed\tomcat-embed-core\9.0.68\tomcat-embed-core-9.0.68.jar;C:\Users\valen\.m2\repository\org\apache\tomcat\embed\tomcat-embed-websocket\9.0.68\tomcat-embed-websocket-9.0.68.jar;C:\Users\valen\.m2\repository\org\springframework\spring-web\5.3.23\spring-web-5.3.23.jar;C:\Users\valen\.m2\repository\org\springframework\spring-webmvc\5.3.23\spring-webmvc-5.3.23.jar;C:\Users\valen\.m2\repository\org\springframework\spring-expression\5.3.23\spring-expression-5.3.23.jar;C:\Users\valen\.m2\repository\com\h2database\h2\1.4.200\h2-1.4.200.jar;C:\Users\valen\.m2\repository\org\springdoc\springdoc-openapi-ui\1.7.0\springdoc-openapi-ui-1.7.0.jar;C:\Users\valen\.m2\repository\org\springdoc\springdoc-openapi-webmvc-core\1.7.0\springdoc-openapi-webmvc-core-1.7.0.jar;C:\Users\valen\.m2\repository\org\springdoc\springdoc-openapi-common\1.7.0\springdoc-openapi-common-1.7.0.jar;C:\Users\valen\.m2\repository\io\swagger\core\v3\swagger-core\2.2.9\swagger-core-2.2.9.jar;C:\Users\valen\.m2\repository\org\apache\commons\commons-lang3\3.12.0\commons-lang3-3.12.0.jar;C:\Users\valen\.m2\repository\com\fasterxml\jackson\dataformat\jackson-dataformat-yaml\2.13.4\jackson-dataformat-yaml-2.13.4.jar;C:\Users\valen\.m2\repository\io\swagger\core\v3\swagger-annotations\2.2.9\swagger-annotations-2.2.9.jar;C:\Users\valen\.m2\repository\io\swagger\core\v3\swagger-models\2.2.9\swagger-models-2.2.9.jar;C:\Users\valen\.m2\repository\org\webjars\swagger-ui\4.18.2\swagger-ui-4.18.2.jar;C:\Users\valen\.m2\repository\org\projectlombok\lombok\1.18.24\lombok-1.18.24.jar;C:\Users\valen\.m2\repository\org\springframework\boot\spring-boot-starter-test\2.6.13\spring-boot-starter-test-2.6.13.jar;C:\Users\valen\.m2\repository\org\springframework\boot\spring-boot-test\2.6.13\spring-boot-test-2.6.13.jar;C:\Users\valen\.m2\repository\org\springframework\boot\spring-boot-test-autoconfigure\2.6.13\spring-boot-test-autoconfigure-2.6.13.jar;C:\Users\valen\.m2\repository\com\jayway\jsonpath\json-path\2.6.0\json-path-2.6.0.jar;C:\Users\valen\.m2\repository\net\minidev\json-smart\2.4.8\json-smart-2.4.8.jar;C:\Users\valen\.m2\repository\net\minidev\accessors-smart\2.4.8\accessors-smart-2.4.8.jar;C:\Users\valen\.m2\repository\org\ow2\asm\asm\9.1\asm-9.1.jar;C:\Users\valen\.m2\repository\jakarta\xml\bind\jakarta.xml.bind-api\2.3.3\jakarta.xml.bind-api-2.3.3.jar;C:\Users\valen\.m2\repository\jakarta\activation\jakarta.activation-api\1.2.2\jakarta.activation-api-1.2.2.jar;C:\Users\valen\.m2\repository\org\assertj\assertj-core\3.21.0\assertj-core-3.21.0.jar;C:\Users\valen\.m2\repository\org\hamcrest\hamcrest\2.2\hamcrest-2.2.jar;C:\Users\valen\.m2\repository\org\junit\jupiter\junit-jupiter\5.8.2\junit-jupiter-5.8.2.jar;C:\Users\valen\.m2\repository\org\junit\jupiter\junit-jupiter-api\5.8.2\junit-jupiter-api-5.8.2.jar;C:\Users\valen\.m2\repository\org\opentest4j\opentest4j\1.2.0\opentest4j-1.2.0.jar;C:\Users\valen\.m2\repository\org\junit\platform\junit-platform-commons\1.8.2\junit-platform-commons-1.8.2.jar;C:\Users\valen\.m2\repository\org\apiguardian\apiguardian-api\1.1.2\apiguardian-api-1.1.2.jar;C:\Users\valen\.m2\repository\org\junit\jupiter\junit-jupiter-params\5.8.2\junit-jupiter-params-5.8.2.jar;C:\Users\valen\.m2\repository\org\junit\jupiter\junit-jupiter-engine\5.8.2\junit-jupiter-engine-5.8.2.jar;C:\Users\valen\.m2\repository\org\junit\platform\junit-platform-engine\1.8.2\junit-platform-engine-1.8.2.jar;C:\Users\valen\.m2\repository\org\mockito\mockito-core\4.0.0\mockito-core-4.0.0.jar;C:\Users\valen\.m2\repository\net\bytebuddy\byte-buddy-agent\1.11.22\byte-buddy-agent-1.11.22.jar;C:\Users\valen\.m2\repository\org\objenesis\objenesis\3.2\objenesis-3.2.jar;C:\Users\valen\.m2\repository\org\mockito\mockito-junit-jupiter\4.0.0\mockito-junit-jupiter-4.0.0.jar;C:\Users\valen\.m2\repository\org\springframework\spring-core\5.3.23\spring-core-5.3.23.jar;C:\Users\valen\.m2\repository\org\springframework\spring-jcl\5.3.23\spring-jcl-5.3.23.jar;C:\Users\valen\.m2\repository\org\springframework\spring-test\5.3.23\spring-test-5.3.23.jar;C:\Users\valen\.m2\repository\org\xmlunit\xmlunit-core\2.8.4\xmlunit-core-2.8.4.jar;"/>
    <property name="sun.cpu.endian" value="little"/>
    <property name="user.home" value="C:\Users\valen"/>
    <property name="user.language" value="es"/>
    <property name="java.specification.vendor" value="Oracle Corporation"/>
    <property name="java.home" value="C:\Program Files\Zulu\zulu-8\jre"/>
    <property name="basedir" value="E:\Descargas\FinalCarrera\mercantiltest"/>
    <property name="file.separator" value="\"/>
    <property name="line.separator" value="&#10;"/>
    <property name="jdk.vendor.version" value="Zulu 8.70.0.23-CA-win64"/>
    <property name="java.vm.specification.vendor" value="Oracle Corporation"/>
    <property name="java.specification.name" value="Java Platform API Specification"/>
    <property name="FILE_LOG_CHARSET" value="windows-1252"/>
    <property name="java.awt.graphicsenv" value="sun.awt.Win32GraphicsEnvironment"/>
    <property name="java.awt.headless" value="true"/>
    <property name="surefire.real.class.path" value="C:\Users\valen\AppData\Local\Temp\surefire4252197923093480506\surefirebooter-20240130185031506_3.jar"/>
    <property name="sun.boot.class.path" value="C:\Program Files\Zulu\zulu-8\jre\lib\resources.jar;C:\Program Files\Zulu\zulu-8\jre\lib\rt.jar;C:\Program Files\Zulu\zulu-8\jre\lib\sunrsasign.jar;C:\Program Files\Zulu\zulu-8\jre\lib\jsse.jar;C:\Program Files\Zulu\zulu-8\jre\lib\jce.jar;C:\Program Files\Zulu\zulu-8\jre\lib\charsets.jar;C:\Program Files\Zulu\zulu-8\jre\lib\jfr.jar;C:\Program Files\Zulu\zulu-8\jre\lib\cat.jar;C:\Program Files\Zulu\zulu-8\jre\classes"/>
    <property name="user.script" value=""/>
    <property name="sun.management.compiler" value="HotSpot 64-Bit Tiered Compilers"/>
    <property name="java.runtime.version" value="1.8.0_372-b07"/>
    <property name="user.name" value="valen"/>
    <property name="path.separator" value=";"/>
    <property name="os.version" value="10.0"/>
    <property name="java.endorsed.dirs" value="C:\Program Files\Zulu\zulu-8\jre\lib\endorsed"/>
    <property name="java.runtime.name" value="OpenJDK Runtime Environment"/>
    <property name="file.encoding" value="Cp1252"/>
    <property name="spring.beaninfo.ignore" value="true"/>
    <property name="java.vm.name" value="OpenJDK 64-Bit Server VM"/>
    <property name="localRepository" value="C:\Users\valen\.m2\repository"/>
    <property name="java.vendor.url.bug" value="http://www.azul.com/support/"/>
    <property name="java.io.tmpdir" value="C:\Users\valen\AppData\Local\Temp\"/>
    <property name="idea.version" value="2023.2.5"/>
    <property name="com.zaxxer.hikari.pool_number" value="1"/>
    <property name="java.version" value="1.8.0_372"/>
    <property name="user.dir" value="E:\Descargas\FinalCarrera\mercantiltest"/>
    <property name="os.arch" value="amd64"/>
    <property name="java.vm.specification.name" value="Java Virtual Machine Specification"/>
    <property name="PID" value="21440"/>
    <property name="java.awt.printerjob" value="sun.awt.windows.WPrinterJob"/>
    <property name="sun.os.patch.level" value=""/>
    <property name="CONSOLE_LOG_CHARSET" value="windows-1252"/>
    <property name="java.library.path" value="C:\Program Files\Zulu\zulu-8\jre\bin;C:\Windows\Sun\Java\bin;C:\Windows\system32;C:\Windows;c:\program files\zulu\zulu-17\bin\;c:\program files\zulu\zulu-8\bin\;c:\windows\system32;c:\windows;c:\windows\system32\wbem;c:\windows\system32\windowspowershell\v1.0\;c:\windows\system32\openssh\;c:\program files\nvidia corporation\nvidia nvdlisr;c:\program files\git\cmd;c:\program files\docker\docker\resources\bin;c:\program files\dotnet\;C:\Program Files (x86)\NVIDIA Corporation\PhysX\Common;C:\Program Files\Docker\Docker\resources\bin;C:\Users\valen\scoop\shims;C:\Users\valen\AppData\Local\Microsoft\WindowsApps;;C:\Program Files\JetBrains\PyCharm Community Edition 2023.1.3\bin;;D:\Programas\Itell\IntelliJ IDEA 2023.2\bin;;C:\Users\valen\AppData\Local\Programs\Microsoft VS Code\bin;."/>
    <property name="java.vm.info" value="mixed mode"/>
    <property name="java.vendor" value="Azul Systems, Inc."/>
    <property name="java.vm.version" value="25.372-b07"/>
    <property name="java.specification.maintenance.version" value="4"/>
    <property name="java.ext.dirs" value="C:\Program Files\Zulu\zulu-8\jre\lib\ext;C:\Windows\Sun\Java\lib\ext"/>
    <property name="sun.io.unicode.encoding" value="UnicodeLittle"/>
    <property name="java.class.version" value="52.0"/>
  </properties>
  <testcase name="testCrearListaProductos" classname="com.mercantil.example.mercantiltest.MercantiltestApplicationTests" time="0.257">
    <system-out><![CDATA[18:50:32.024 [main] DEBUG org.springframework.test.context.BootstrapUtils - Instantiating CacheAwareContextLoaderDelegate from class [org.springframework.test.context.cache.DefaultCacheAwareContextLoaderDelegate]
18:50:32.031 [main] DEBUG org.springframework.test.context.BootstrapUtils - Instantiating BootstrapContext using constructor [public org.springframework.test.context.support.DefaultBootstrapContext(java.lang.Class,org.springframework.test.context.CacheAwareContextLoaderDelegate)]
18:50:32.055 [main] DEBUG org.springframework.test.context.BootstrapUtils - Instantiating TestContextBootstrapper for test class [com.mercantil.example.mercantiltest.MercantiltestApplicationTests] from class [org.springframework.boot.test.context.SpringBootTestContextBootstrapper]
18:50:32.063 [main] INFO org.springframework.boot.test.context.SpringBootTestContextBootstrapper - Neither @ContextConfiguration nor @ContextHierarchy found for test class [com.mercantil.example.mercantiltest.MercantiltestApplicationTests], using SpringBootContextLoader
18:50:32.065 [main] DEBUG org.springframework.test.context.support.AbstractContextLoader - Did not detect default resource location for test class [com.mercantil.example.mercantiltest.MercantiltestApplicationTests]: class path resource [com/mercantil/example/mercantiltest/MercantiltestApplicationTests-context.xml] does not exist
18:50:32.066 [main] DEBUG org.springframework.test.context.support.AbstractContextLoader - Did not detect default resource location for test class [com.mercantil.example.mercantiltest.MercantiltestApplicationTests]: class path resource [com/mercantil/example/mercantiltest/MercantiltestApplicationTestsContext.groovy] does not exist
18:50:32.066 [main] INFO org.springframework.test.context.support.AbstractContextLoader - Could not detect default resource locations for test class [com.mercantil.example.mercantiltest.MercantiltestApplicationTests]: no resource found for suffixes {-context.xml, Context.groovy}.
18:50:32.066 [main] INFO org.springframework.test.context.support.AnnotationConfigContextLoaderUtils - Could not detect default configuration classes for test class [com.mercantil.example.mercantiltest.MercantiltestApplicationTests]: MercantiltestApplicationTests does not declare any static, non-private, non-final, nested classes annotated with @Configuration.
18:50:32.104 [main] DEBUG org.springframework.test.context.support.ActiveProfilesUtils - Could not find an 'annotation declaring class' for annotation type [org.springframework.test.context.ActiveProfiles] and class [com.mercantil.example.mercantiltest.MercantiltestApplicationTests]
18:50:32.152 [main] DEBUG org.springframework.context.annotation.ClassPathScanningCandidateComponentProvider - Identified candidate component class: file [E:\Descargas\FinalCarrera\mercantiltest\target\classes\com\mercantil\example\mercantiltest\MercantiltestApplication.class]
18:50:32.153 [main] INFO org.springframework.boot.test.context.SpringBootTestContextBootstrapper - Found @SpringBootConfiguration com.mercantil.example.mercantiltest.MercantiltestApplication for test class com.mercantil.example.mercantiltest.MercantiltestApplicationTests
18:50:32.221 [main] DEBUG org.springframework.boot.test.context.SpringBootTestContextBootstrapper - @TestExecutionListeners is not present for class [com.mercantil.example.mercantiltest.MercantiltestApplicationTests]: using defaults.
18:50:32.221 [main] INFO org.springframework.boot.test.context.SpringBootTestContextBootstrapper - Loaded default TestExecutionListener class names from location [META-INF/spring.factories]: [org.springframework.boot.test.mock.mockito.MockitoTestExecutionListener, org.springframework.boot.test.mock.mockito.ResetMocksTestExecutionListener, org.springframework.boot.test.autoconfigure.restdocs.RestDocsTestExecutionListener, org.springframework.boot.test.autoconfigure.web.client.MockRestServiceServerResetTestExecutionListener, org.springframework.boot.test.autoconfigure.web.servlet.MockMvcPrintOnlyOnFailureTestExecutionListener, org.springframework.boot.test.autoconfigure.web.servlet.WebDriverTestExecutionListener, org.springframework.boot.test.autoconfigure.webservices.client.MockWebServiceServerTestExecutionListener, org.springframework.test.context.web.ServletTestExecutionListener, org.springframework.test.context.support.DirtiesContextBeforeModesTestExecutionListener, org.springframework.test.context.event.ApplicationEventsTestExecutionListener, org.springframework.test.context.support.DependencyInjectionTestExecutionListener, org.springframework.test.context.support.DirtiesContextTestExecutionListener, org.springframework.test.context.transaction.TransactionalTestExecutionListener, org.springframework.test.context.jdbc.SqlScriptsTestExecutionListener, org.springframework.test.context.event.EventPublishingTestExecutionListener]
18:50:32.235 [main] INFO org.springframework.boot.test.context.SpringBootTestContextBootstrapper - Using TestExecutionListeners: [org.springframework.test.context.web.ServletTestExecutionListener@cd1e646, org.springframework.test.context.support.DirtiesContextBeforeModesTestExecutionListener@7ba8c737, org.springframework.test.context.event.ApplicationEventsTestExecutionListener@1890516e, org.springframework.boot.test.mock.mockito.MockitoTestExecutionListener@15a04efb, org.springframework.boot.test.autoconfigure.SpringBootDependencyInjectionTestExecutionListener@16c069df, org.springframework.test.context.support.DirtiesContextTestExecutionListener@2bec854f, org.springframework.test.context.transaction.TransactionalTestExecutionListener@31edaa7d, org.springframework.test.context.jdbc.SqlScriptsTestExecutionListener@26adfd2d, org.springframework.test.context.event.EventPublishingTestExecutionListener@3336e6b6, org.springframework.boot.test.mock.mockito.ResetMocksTestExecutionListener@7c3fdb62, org.springframework.boot.test.autoconfigure.restdocs.RestDocsTestExecutionListener@205d38da, org.springframework.boot.test.autoconfigure.web.client.MockRestServiceServerResetTestExecutionListener@6950ed69, org.springframework.boot.test.autoconfigure.web.servlet.MockMvcPrintOnlyOnFailureTestExecutionListener@6dd7b5a3, org.springframework.boot.test.autoconfigure.web.servlet.WebDriverTestExecutionListener@6f3187b0, org.springframework.boot.test.autoconfigure.webservices.client.MockWebServiceServerTestExecutionListener@2663e964]
18:50:32.237 [main] DEBUG org.springframework.test.context.support.AbstractDirtiesContextTestExecutionListener - Before test class: context [DefaultTestContext@1df8b5b8 testClass = MercantiltestApplicationTests, testInstance = [null], testMethod = [null], testException = [null], mergedContextConfiguration = [WebMergedContextConfiguration@23202fce testClass = MercantiltestApplicationTests, locations = '{}', classes = '{class com.mercantil.example.mercantiltest.MercantiltestApplication}', contextInitializerClasses = '[]', activeProfiles = '{}', propertySourceLocations = '{}', propertySourceProperties = '{org.springframework.boot.test.context.SpringBootTestContextBootstrapper=true}', contextCustomizers = set[[ImportsContextCustomizer@7b993c65 key = [org.springframework.boot.test.autoconfigure.web.servlet.MockMvcAutoConfiguration, org.springframework.boot.test.autoconfigure.web.servlet.MockMvcWebClientAutoConfiguration, org.springframework.boot.test.autoconfigure.web.servlet.MockMvcWebDriverAutoConfiguration, org.springframework.boot.autoconfigure.security.oauth2.client.servlet.OAuth2ClientAutoConfiguration, org.springframework.boot.autoconfigure.security.oauth2.resource.servlet.OAuth2ResourceServerAutoConfiguration, org.springframework.boot.autoconfigure.security.servlet.SecurityAutoConfiguration, org.springframework.boot.autoconfigure.security.servlet.SecurityFilterAutoConfiguration, org.springframework.boot.autoconfigure.security.servlet.UserDetailsServiceAutoConfiguration, org.springframework.boot.test.autoconfigure.web.servlet.MockMvcSecurityConfiguration, org.springframework.boot.test.autoconfigure.web.reactive.WebTestClientAutoConfiguration]], org.springframework.boot.test.context.filter.ExcludeFilterContextCustomizer@68567e20, org.springframework.boot.test.json.DuplicateJsonObjectContextCustomizerFactory$DuplicateJsonObjectContextCustomizer@394a2528, org.springframework.boot.test.mock.mockito.MockitoContextCustomizer@0, org.springframework.boot.test.web.client.TestRestTemplateContextCustomizer@36b4fe2a, org.springframework.boot.test.autoconfigure.actuate.metrics.MetricsExportContextCustomizerFactory$DisableMetricExportContextCustomizer@71c3b41, org.springframework.boot.test.autoconfigure.properties.PropertyMappingContextCustomizer@4b3fa0b3, org.springframework.boot.test.autoconfigure.web.servlet.WebDriverContextCustomizerFactory$Customizer@78ffe6dc, org.springframework.boot.test.context.SpringBootTestArgs@1, org.springframework.boot.test.context.SpringBootTestWebEnvironment@79be0360], resourceBasePath = 'src/main/webapp', contextLoader = 'org.springframework.boot.test.context.SpringBootContextLoader', parent = [null]], attributes = map['org.springframework.test.context.web.ServletTestExecutionListener.activateListener' -> true]], class annotated with @DirtiesContext [false] with mode [null].

  .   ____          _            __ _ _
 /\\ / ___'_ __ _ _(_)_ __  __ _ \ \ \ \
( ( )\___ | '_ | '_| | '_ \/ _` | \ \ \ \
 \\/  ___)| |_)| | | | | || (_| |  ) ) ) )
  '  |____| .__|_| |_|_| |_\__, | / / / /
 =========|_|==============|___/=/_/_/_/
 :: Spring Boot ::               (v2.6.13)

2024-01-30 18:50:32.449  INFO 21440 --- [           main] c.m.e.m.MercantiltestApplicationTests    : Starting MercantiltestApplicationTests using Java 1.8.0_372 on DESKTOP-1PSJJ98 with PID 21440 (started by valen in E:\Descargas\FinalCarrera\mercantiltest)
2024-01-30 18:50:32.450  INFO 21440 --- [           main] c.m.e.m.MercantiltestApplicationTests    : No active profile set, falling back to 1 default profile: "default"
2024-01-30 18:50:32.891  INFO 21440 --- [           main] .s.d.r.c.RepositoryConfigurationDelegate : Bootstrapping Spring Data JPA repositories in DEFAULT mode.
2024-01-30 18:50:32.927  INFO 21440 --- [           main] .s.d.r.c.RepositoryConfigurationDelegate : Finished Spring Data repository scanning in 31 ms. Found 3 JPA repository interfaces.
2024-01-30 18:50:33.281  INFO 21440 --- [           main] o.hibernate.jpa.internal.util.LogHelper  : HHH000204: Processing PersistenceUnitInfo [name: default]
2024-01-30 18:50:33.318  INFO 21440 --- [           main] org.hibernate.Version                    : HHH000412: Hibernate ORM core version 5.6.12.Final
2024-01-30 18:50:33.426  INFO 21440 --- [           main] o.hibernate.annotations.common.Version   : HCANN000001: Hibernate Commons Annotations {5.1.2.Final}
2024-01-30 18:50:33.579  INFO 21440 --- [           main] com.zaxxer.hikari.HikariDataSource       : HikariPool-1 - Starting...
2024-01-30 18:50:33.708  INFO 21440 --- [           main] com.zaxxer.hikari.HikariDataSource       : HikariPool-1 - Start completed.
2024-01-30 18:50:33.720  INFO 21440 --- [           main] org.hibernate.dialect.Dialect            : HHH000400: Using dialect: org.hibernate.dialect.H2Dialect
Hibernate: drop table if exists pedidos_cabecera CASCADE 
Hibernate: drop table if exists pedidos_detalle CASCADE 
Hibernate: drop table if exists productos CASCADE 
Hibernate: create table pedidos_cabecera (id binary not null, aplico_descuento boolean, direccion varchar(255), email varchar(255), estado integer, fecha_alta date, horario time, monto_total double, telefono varchar(255), primary key (id))
Hibernate: create table pedidos_detalle (id binary not null, cantidad double, precio_unitario double, pedido_cabecera_id binary not null, producto_id binary, primary key (id))
Hibernate: create table productos (id binary not null, descripcion_corta varchar(255), descripcion_larga varchar(255), nombre varchar(255), precio_unitario double, primary key (id))
Hibernate: alter table pedidos_detalle add constraint FKb3x89fptgddje9duu1bivt8ag foreign key (pedido_cabecera_id) references pedidos_cabecera
Hibernate: alter table pedidos_detalle add constraint FKfeo7wt2j7fedmedx8gwrmifti foreign key (producto_id) references productos
2024-01-30 18:50:34.170  INFO 21440 --- [           main] o.h.e.t.j.p.i.JtaPlatformInitiator       : HHH000490: Using JtaPlatform implementation: [org.hibernate.engine.transaction.jta.platform.internal.NoJtaPlatform]
2024-01-30 18:50:34.176  INFO 21440 --- [           main] j.LocalContainerEntityManagerFactoryBean : Initialized JPA EntityManagerFactory for persistence unit 'default'
2024-01-30 18:50:34.830  WARN 21440 --- [           main] JpaBaseConfiguration$JpaWebConfiguration : spring.jpa.open-in-view is enabled by default. Therefore, database queries may be performed during view rendering. Explicitly configure spring.jpa.open-in-view to disable this warning
2024-01-30 18:50:35.012  INFO 21440 --- [           main] o.s.b.a.h2.H2ConsoleAutoConfiguration    : H2 console available at '/h2-console'. Database available at 'jdbc:h2:mem:mercantil'
2024-01-30 18:50:35.070  INFO 21440 --- [           main] o.s.b.a.w.s.WelcomePageHandlerMapping    : Adding welcome page: class path resource [static/index.html]
2024-01-30 18:50:35.303  INFO 21440 --- [           main] o.s.b.t.m.w.SpringBootMockServletContext : Initializing Spring TestDispatcherServlet ''
2024-01-30 18:50:35.303  INFO 21440 --- [           main] o.s.t.web.servlet.TestDispatcherServlet  : Initializing Servlet ''
2024-01-30 18:50:35.304  INFO 21440 --- [           main] o.s.t.web.servlet.TestDispatcherServlet  : Completed initialization in 1 ms
2024-01-30 18:50:35.319  INFO 21440 --- [           main] c.m.e.m.MercantiltestApplicationTests    : Started MercantiltestApplicationTests in 3.052 seconds (JVM running for 3.741)
Hibernate: select pedidodeta0_.id as id1_1_, pedidodeta0_.cantidad as cantidad2_1_, pedidodeta0_.pedido_cabecera_id as pedido_c4_1_, pedidodeta0_.precio_unitario as precio_u3_1_, pedidodeta0_.producto_id as producto5_1_ from pedidos_detalle pedidodeta0_
Hibernate: select productoen0_.id as id1_2_0_, productoen0_.descripcion_corta as descripc2_2_0_, productoen0_.descripcion_larga as descripc3_2_0_, productoen0_.nombre as nombre4_2_0_, productoen0_.precio_unitario as precio_u5_2_0_ from productos productoen0_ where productoen0_.id=?
Hibernate: select productoen0_.id as id1_2_0_, productoen0_.descripcion_corta as descripc2_2_0_, productoen0_.descripcion_larga as descripc3_2_0_, productoen0_.nombre as nombre4_2_0_, productoen0_.precio_unitario as precio_u5_2_0_ from productos productoen0_ where productoen0_.id=?
Hibernate: insert into productos (descripcion_corta, descripcion_larga, nombre, precio_unitario, id) values (?, ?, ?, ?, ?)
Hibernate: insert into productos (descripcion_corta, descripcion_larga, nombre, precio_unitario, id) values (?, ?, ?, ?, ?)
]]></system-out>
  </testcase>
  <testcase name="testCrearPedidoConErrores" classname="com.mercantil.example.mercantiltest.MercantiltestApplicationTests" time="0.078">
    <system-out><![CDATA[Hibernate: select pedidodeta0_.id as id1_1_, pedidodeta0_.cantidad as cantidad2_1_, pedidodeta0_.pedido_cabecera_id as pedido_c4_1_, pedidodeta0_.precio_unitario as precio_u3_1_, pedidodeta0_.producto_id as producto5_1_ from pedidos_detalle pedidodeta0_
]]></system-out>
  </testcase>
  <testcase name="testCrearPedidoProductos(List)[1]" classname="com.mercantil.example.mercantiltest.MercantiltestApplicationTests" time="0.062">
    <system-out><![CDATA[Hibernate: select pedidodeta0_.id as id1_1_, pedidodeta0_.cantidad as cantidad2_1_, pedidodeta0_.pedido_cabecera_id as pedido_c4_1_, pedidodeta0_.precio_unitario as precio_u3_1_, pedidodeta0_.producto_id as producto5_1_ from pedidos_detalle pedidodeta0_
Hibernate: select productoen0_.id as id1_2_0_, productoen0_.descripcion_corta as descripc2_2_0_, productoen0_.descripcion_larga as descripc3_2_0_, productoen0_.nombre as nombre4_2_0_, productoen0_.precio_unitario as precio_u5_2_0_ from productos productoen0_ where productoen0_.id=?
Hibernate: select productoen0_.id as id1_2_0_, productoen0_.descripcion_corta as descripc2_2_0_, productoen0_.descripcion_larga as descripc3_2_0_, productoen0_.nombre as nombre4_2_0_, productoen0_.precio_unitario as precio_u5_2_0_ from productos productoen0_ where productoen0_.id=?
Hibernate: insert into pedidos_cabecera (aplico_descuento, direccion, email, estado, fecha_alta, horario, monto_total, telefono, id) values (?, ?, ?, ?, ?, ?, ?, ?, ?)
Hibernate: insert into pedidos_detalle (cantidad, pedido_cabecera_id, precio_unitario, producto_id, id) values (?, ?, ?, ?, ?)
Hibernate: insert into pedidos_detalle (cantidad, pedido_cabecera_id, precio_unitario, producto_id, id) values (?, ?, ?, ?, ?)
Hibernate: select productoen0_.id as id1_2_0_, productoen0_.descripcion_corta as descripc2_2_0_, productoen0_.descripcion_larga as descripc3_2_0_, productoen0_.nombre as nombre4_2_0_, productoen0_.precio_unitario as precio_u5_2_0_ from productos productoen0_ where productoen0_.id=?
Hibernate: select productoen0_.id as id1_2_0_, productoen0_.descripcion_corta as descripc2_2_0_, productoen0_.descripcion_larga as descripc3_2_0_, productoen0_.nombre as nombre4_2_0_, productoen0_.precio_unitario as precio_u5_2_0_ from productos productoen0_ where productoen0_.id=?
Hibernate: insert into pedidos_cabecera (aplico_descuento, direccion, email, estado, fecha_alta, horario, monto_total, telefono, id) values (?, ?, ?, ?, ?, ?, ?, ?, ?)
Hibernate: insert into pedidos_detalle (cantidad, pedido_cabecera_id, precio_unitario, producto_id, id) values (?, ?, ?, ?, ?)
Hibernate: insert into pedidos_detalle (cantidad, pedido_cabecera_id, precio_unitario, producto_id, id) values (?, ?, ?, ?, ?)
Hibernate: select productoen0_.id as id1_2_0_, productoen0_.descripcion_corta as descripc2_2_0_, productoen0_.descripcion_larga as descripc3_2_0_, productoen0_.nombre as nombre4_2_0_, productoen0_.precio_unitario as precio_u5_2_0_ from productos productoen0_ where productoen0_.id=?
Hibernate: select productoen0_.id as id1_2_0_, productoen0_.descripcion_corta as descripc2_2_0_, productoen0_.descripcion_larga as descripc3_2_0_, productoen0_.nombre as nombre4_2_0_, productoen0_.precio_unitario as precio_u5_2_0_ from productos productoen0_ where productoen0_.id=?
Hibernate: insert into pedidos_cabecera (aplico_descuento, direccion, email, estado, fecha_alta, horario, monto_total, telefono, id) values (?, ?, ?, ?, ?, ?, ?, ?, ?)
Hibernate: insert into pedidos_detalle (cantidad, pedido_cabecera_id, precio_unitario, producto_id, id) values (?, ?, ?, ?, ?)
Hibernate: insert into pedidos_detalle (cantidad, pedido_cabecera_id, precio_unitario, producto_id, id) values (?, ?, ?, ?, ?)
Hibernate: select pedidodeta0_.id as id1_1_, pedidodeta0_.cantidad as cantidad2_1_, pedidodeta0_.pedido_cabecera_id as pedido_c4_1_, pedidodeta0_.precio_unitario as precio_u3_1_, pedidodeta0_.producto_id as producto5_1_ from pedidos_detalle pedidodeta0_
Hibernate: select pedidocabe0_.id as id1_0_0_, pedidocabe0_.aplico_descuento as aplico_d2_0_0_, pedidocabe0_.direccion as direccio3_0_0_, pedidocabe0_.email as email4_0_0_, pedidocabe0_.estado as estado5_0_0_, pedidocabe0_.fecha_alta as fecha_al6_0_0_, pedidocabe0_.horario as horario7_0_0_, pedidocabe0_.monto_total as monto_to8_0_0_, pedidocabe0_.telefono as telefono9_0_0_ from pedidos_cabecera pedidocabe0_ where pedidocabe0_.id=?
Hibernate: select productoen0_.id as id1_2_0_, productoen0_.descripcion_corta as descripc2_2_0_, productoen0_.descripcion_larga as descripc3_2_0_, productoen0_.nombre as nombre4_2_0_, productoen0_.precio_unitario as precio_u5_2_0_ from productos productoen0_ where productoen0_.id=?
Hibernate: select productoen0_.id as id1_2_0_, productoen0_.descripcion_corta as descripc2_2_0_, productoen0_.descripcion_larga as descripc3_2_0_, productoen0_.nombre as nombre4_2_0_, productoen0_.precio_unitario as precio_u5_2_0_ from productos productoen0_ where productoen0_.id=?
Hibernate: select pedidocabe0_.id as id1_0_0_, pedidocabe0_.aplico_descuento as aplico_d2_0_0_, pedidocabe0_.direccion as direccio3_0_0_, pedidocabe0_.email as email4_0_0_, pedidocabe0_.estado as estado5_0_0_, pedidocabe0_.fecha_alta as fecha_al6_0_0_, pedidocabe0_.horario as horario7_0_0_, pedidocabe0_.monto_total as monto_to8_0_0_, pedidocabe0_.telefono as telefono9_0_0_ from pedidos_cabecera pedidocabe0_ where pedidocabe0_.id=?
Hibernate: select pedidocabe0_.id as id1_0_0_, pedidocabe0_.aplico_descuento as aplico_d2_0_0_, pedidocabe0_.direccion as direccio3_0_0_, pedidocabe0_.email as email4_0_0_, pedidocabe0_.estado as estado5_0_0_, pedidocabe0_.fecha_alta as fecha_al6_0_0_, pedidocabe0_.horario as horario7_0_0_, pedidocabe0_.monto_total as monto_to8_0_0_, pedidocabe0_.telefono as telefono9_0_0_ from pedidos_cabecera pedidocabe0_ where pedidocabe0_.id=?
Hibernate: delete from pedidos_detalle where id=?
Hibernate: delete from pedidos_detalle where id=?
Hibernate: delete from pedidos_detalle where id=?
Hibernate: delete from pedidos_detalle where id=?
Hibernate: delete from pedidos_detalle where id=?
Hibernate: delete from pedidos_detalle where id=?
]]></system-out>
  </testcase>
  <testcase name="testListarPedidosPorFecha(List)[1]" classname="com.mercantil.example.mercantiltest.MercantiltestApplicationTests" time="0.058">
    <system-out><![CDATA[Hibernate: select pedidodeta0_.id as id1_1_, pedidodeta0_.cantidad as cantidad2_1_, pedidodeta0_.pedido_cabecera_id as pedido_c4_1_, pedidodeta0_.precio_unitario as precio_u3_1_, pedidodeta0_.producto_id as producto5_1_ from pedidos_detalle pedidodeta0_
Hibernate: select productoen0_.id as id1_2_0_, productoen0_.descripcion_corta as descripc2_2_0_, productoen0_.descripcion_larga as descripc3_2_0_, productoen0_.nombre as nombre4_2_0_, productoen0_.precio_unitario as precio_u5_2_0_ from productos productoen0_ where productoen0_.id=?
Hibernate: select productoen0_.id as id1_2_0_, productoen0_.descripcion_corta as descripc2_2_0_, productoen0_.descripcion_larga as descripc3_2_0_, productoen0_.nombre as nombre4_2_0_, productoen0_.precio_unitario as precio_u5_2_0_ from productos productoen0_ where productoen0_.id=?
Hibernate: select productoen0_.id as id1_2_0_, productoen0_.descripcion_corta as descripc2_2_0_, productoen0_.descripcion_larga as descripc3_2_0_, productoen0_.nombre as nombre4_2_0_, productoen0_.precio_unitario as precio_u5_2_0_ from productos productoen0_ where productoen0_.id=?
Hibernate: select productoen0_.id as id1_2_0_, productoen0_.descripcion_corta as descripc2_2_0_, productoen0_.descripcion_larga as descripc3_2_0_, productoen0_.nombre as nombre4_2_0_, productoen0_.precio_unitario as precio_u5_2_0_ from productos productoen0_ where productoen0_.id=?
Hibernate: insert into pedidos_cabecera (aplico_descuento, direccion, email, estado, fecha_alta, horario, monto_total, telefono, id) values (?, ?, ?, ?, ?, ?, ?, ?, ?)
Hibernate: insert into pedidos_detalle (cantidad, pedido_cabecera_id, precio_unitario, producto_id, id) values (?, ?, ?, ?, ?)
Hibernate: insert into pedidos_detalle (cantidad, pedido_cabecera_id, precio_unitario, producto_id, id) values (?, ?, ?, ?, ?)
Hibernate: select pedidocabe0_.id as id1_0_, pedidocabe0_.aplico_descuento as aplico_d2_0_, pedidocabe0_.direccion as direccio3_0_, pedidocabe0_.email as email4_0_, pedidocabe0_.estado as estado5_0_, pedidocabe0_.fecha_alta as fecha_al6_0_, pedidocabe0_.horario as horario7_0_, pedidocabe0_.monto_total as monto_to8_0_, pedidocabe0_.telefono as telefono9_0_ from pedidos_cabecera pedidocabe0_ where cast(pedidocabe0_.fecha_alta as date)=cast(? as date)
Hibernate: select pedidodeta0_.id as id1_1_0_, pedidocabe1_.id as id1_0_1_, productoen2_.id as id1_2_2_, pedidodeta0_.cantidad as cantidad2_1_0_, pedidodeta0_.pedido_cabecera_id as pedido_c4_1_0_, pedidodeta0_.precio_unitario as precio_u3_1_0_, pedidodeta0_.producto_id as producto5_1_0_, pedidocabe1_.aplico_descuento as aplico_d2_0_1_, pedidocabe1_.direccion as direccio3_0_1_, pedidocabe1_.email as email4_0_1_, pedidocabe1_.estado as estado5_0_1_, pedidocabe1_.fecha_alta as fecha_al6_0_1_, pedidocabe1_.horario as horario7_0_1_, pedidocabe1_.monto_total as monto_to8_0_1_, pedidocabe1_.telefono as telefono9_0_1_, productoen2_.descripcion_corta as descripc2_2_2_, productoen2_.descripcion_larga as descripc3_2_2_, productoen2_.nombre as nombre4_2_2_, productoen2_.precio_unitario as precio_u5_2_2_ from pedidos_detalle pedidodeta0_ inner join pedidos_cabecera pedidocabe1_ on pedidodeta0_.pedido_cabecera_id=pedidocabe1_.id inner join productos productoen2_ on pedidodeta0_.producto_id=productoen2_.id where pedidocabe1_.id=? or pedidocabe1_.id=?
Hibernate: select pedidodeta0_.id as id1_1_0_, pedidocabe1_.id as id1_0_1_, productoen2_.id as id1_2_2_, pedidodeta0_.cantidad as cantidad2_1_0_, pedidodeta0_.pedido_cabecera_id as pedido_c4_1_0_, pedidodeta0_.precio_unitario as precio_u3_1_0_, pedidodeta0_.producto_id as producto5_1_0_, pedidocabe1_.aplico_descuento as aplico_d2_0_1_, pedidocabe1_.direccion as direccio3_0_1_, pedidocabe1_.email as email4_0_1_, pedidocabe1_.estado as estado5_0_1_, pedidocabe1_.fecha_alta as fecha_al6_0_1_, pedidocabe1_.horario as horario7_0_1_, pedidocabe1_.monto_total as monto_to8_0_1_, pedidocabe1_.telefono as telefono9_0_1_, productoen2_.descripcion_corta as descripc2_2_2_, productoen2_.descripcion_larga as descripc3_2_2_, productoen2_.nombre as nombre4_2_2_, productoen2_.precio_unitario as precio_u5_2_2_ from pedidos_detalle pedidodeta0_ inner join pedidos_cabecera pedidocabe1_ on pedidodeta0_.pedido_cabecera_id=pedidocabe1_.id inner join productos productoen2_ on pedidodeta0_.producto_id=productoen2_.id where pedidocabe1_.id=? or pedidocabe1_.id=?
Hibernate: select pedidodeta0_.id as id1_1_0_, pedidocabe1_.id as id1_0_1_, productoen2_.id as id1_2_2_, pedidodeta0_.cantidad as cantidad2_1_0_, pedidodeta0_.pedido_cabecera_id as pedido_c4_1_0_, pedidodeta0_.precio_unitario as precio_u3_1_0_, pedidodeta0_.producto_id as producto5_1_0_, pedidocabe1_.aplico_descuento as aplico_d2_0_1_, pedidocabe1_.direccion as direccio3_0_1_, pedidocabe1_.email as email4_0_1_, pedidocabe1_.estado as estado5_0_1_, pedidocabe1_.fecha_alta as fecha_al6_0_1_, pedidocabe1_.horario as horario7_0_1_, pedidocabe1_.monto_total as monto_to8_0_1_, pedidocabe1_.telefono as telefono9_0_1_, productoen2_.descripcion_corta as descripc2_2_2_, productoen2_.descripcion_larga as descripc3_2_2_, productoen2_.nombre as nombre4_2_2_, productoen2_.precio_unitario as precio_u5_2_2_ from pedidos_detalle pedidodeta0_ inner join pedidos_cabecera pedidocabe1_ on pedidodeta0_.pedido_cabecera_id=pedidocabe1_.id inner join productos productoen2_ on pedidodeta0_.producto_id=productoen2_.id where pedidocabe1_.id=? or pedidocabe1_.id=?
Hibernate: select pedidodeta0_.id as id1_1_0_, pedidocabe1_.id as id1_0_1_, productoen2_.id as id1_2_2_, pedidodeta0_.cantidad as cantidad2_1_0_, pedidodeta0_.pedido_cabecera_id as pedido_c4_1_0_, pedidodeta0_.precio_unitario as precio_u3_1_0_, pedidodeta0_.producto_id as producto5_1_0_, pedidocabe1_.aplico_descuento as aplico_d2_0_1_, pedidocabe1_.direccion as direccio3_0_1_, pedidocabe1_.email as email4_0_1_, pedidocabe1_.estado as estado5_0_1_, pedidocabe1_.fecha_alta as fecha_al6_0_1_, pedidocabe1_.horario as horario7_0_1_, pedidocabe1_.monto_total as monto_to8_0_1_, pedidocabe1_.telefono as telefono9_0_1_, productoen2_.descripcion_corta as descripc2_2_2_, productoen2_.descripcion_larga as descripc3_2_2_, productoen2_.nombre as nombre4_2_2_, productoen2_.precio_unitario as precio_u5_2_2_ from pedidos_detalle pedidodeta0_ inner join pedidos_cabecera pedidocabe1_ on pedidodeta0_.pedido_cabecera_id=pedidocabe1_.id inner join productos productoen2_ on pedidodeta0_.producto_id=productoen2_.id where pedidocabe1_.id=? or pedidocabe1_.id=?
{"fecha":"2024-01-30","direccion":"Dorton Road 80","email":"tsayb@opera.com","telefono":"(0351) 48158101","horario":"21:00","detalle":[{"producto":"89efb206-2aa6-4e21-8a23-5765e3de1f31","nombre":"Jamón y morrones","cantidad":3.0,"importe":550.0},{"producto":"e29ebd0c-39d2-4054-b0f4-ed2d0ea089a1","nombre":"Palmitos","cantidad":4.0,"importe":600.0}],"total":2835.0,"descuento":true}
Hibernate: select productoen0_.id as id1_2_0_, productoen0_.descripcion_corta as descripc2_2_0_, productoen0_.descripcion_larga as descripc3_2_0_, productoen0_.nombre as nombre4_2_0_, productoen0_.precio_unitario as precio_u5_2_0_ from productos productoen0_ where productoen0_.id=?
Hibernate: select productoen0_.id as id1_2_0_, productoen0_.descripcion_corta as descripc2_2_0_, productoen0_.descripcion_larga as descripc3_2_0_, productoen0_.nombre as nombre4_2_0_, productoen0_.precio_unitario as precio_u5_2_0_ from productos productoen0_ where productoen0_.id=?
Hibernate: insert into pedidos_cabecera (aplico_descuento, direccion, email, estado, fecha_alta, horario, monto_total, telefono, id) values (?, ?, ?, ?, ?, ?, ?, ?, ?)
Hibernate: insert into pedidos_detalle (cantidad, pedido_cabecera_id, precio_unitario, producto_id, id) values (?, ?, ?, ?, ?)
Hibernate: insert into pedidos_detalle (cantidad, pedido_cabecera_id, precio_unitario, producto_id, id) values (?, ?, ?, ?, ?)
Hibernate: select productoen0_.id as id1_2_0_, productoen0_.descripcion_corta as descripc2_2_0_, productoen0_.descripcion_larga as descripc3_2_0_, productoen0_.nombre as nombre4_2_0_, productoen0_.precio_unitario as precio_u5_2_0_ from productos productoen0_ where productoen0_.id=?
Hibernate: select productoen0_.id as id1_2_0_, productoen0_.descripcion_corta as descripc2_2_0_, productoen0_.descripcion_larga as descripc3_2_0_, productoen0_.nombre as nombre4_2_0_, productoen0_.precio_unitario as precio_u5_2_0_ from productos productoen0_ where productoen0_.id=?
Hibernate: insert into pedidos_cabecera (aplico_descuento, direccion, email, estado, fecha_alta, horario, monto_total, telefono, id) values (?, ?, ?, ?, ?, ?, ?, ?, ?)
Hibernate: insert into pedidos_detalle (cantidad, pedido_cabecera_id, precio_unitario, producto_id, id) values (?, ?, ?, ?, ?)
Hibernate: insert into pedidos_detalle (cantidad, pedido_cabecera_id, precio_unitario, producto_id, id) values (?, ?, ?, ?, ?)
Hibernate: select productoen0_.id as id1_2_0_, productoen0_.descripcion_corta as descripc2_2_0_, productoen0_.descripcion_larga as descripc3_2_0_, productoen0_.nombre as nombre4_2_0_, productoen0_.precio_unitario as precio_u5_2_0_ from productos productoen0_ where productoen0_.id=?
Hibernate: select productoen0_.id as id1_2_0_, productoen0_.descripcion_corta as descripc2_2_0_, productoen0_.descripcion_larga as descripc3_2_0_, productoen0_.nombre as nombre4_2_0_, productoen0_.precio_unitario as precio_u5_2_0_ from productos productoen0_ where productoen0_.id=?
Hibernate: insert into pedidos_cabecera (aplico_descuento, direccion, email, estado, fecha_alta, horario, monto_total, telefono, id) values (?, ?, ?, ?, ?, ?, ?, ?, ?)
Hibernate: insert into pedidos_detalle (cantidad, pedido_cabecera_id, precio_unitario, producto_id, id) values (?, ?, ?, ?, ?)
Hibernate: insert into pedidos_detalle (cantidad, pedido_cabecera_id, precio_unitario, producto_id, id) values (?, ?, ?, ?, ?)
Hibernate: select pedidodeta0_.id as id1_1_, pedidodeta0_.cantidad as cantidad2_1_, pedidodeta0_.pedido_cabecera_id as pedido_c4_1_, pedidodeta0_.precio_unitario as precio_u3_1_, pedidodeta0_.producto_id as producto5_1_ from pedidos_detalle pedidodeta0_
Hibernate: select pedidocabe0_.id as id1_0_0_, pedidocabe0_.aplico_descuento as aplico_d2_0_0_, pedidocabe0_.direccion as direccio3_0_0_, pedidocabe0_.email as email4_0_0_, pedidocabe0_.estado as estado5_0_0_, pedidocabe0_.fecha_alta as fecha_al6_0_0_, pedidocabe0_.horario as horario7_0_0_, pedidocabe0_.monto_total as monto_to8_0_0_, pedidocabe0_.telefono as telefono9_0_0_ from pedidos_cabecera pedidocabe0_ where pedidocabe0_.id=?
Hibernate: select productoen0_.id as id1_2_0_, productoen0_.descripcion_corta as descripc2_2_0_, productoen0_.descripcion_larga as descripc3_2_0_, productoen0_.nombre as nombre4_2_0_, productoen0_.precio_unitario as precio_u5_2_0_ from productos productoen0_ where productoen0_.id=?
Hibernate: select productoen0_.id as id1_2_0_, productoen0_.descripcion_corta as descripc2_2_0_, productoen0_.descripcion_larga as descripc3_2_0_, productoen0_.nombre as nombre4_2_0_, productoen0_.precio_unitario as precio_u5_2_0_ from productos productoen0_ where productoen0_.id=?
Hibernate: select pedidocabe0_.id as id1_0_0_, pedidocabe0_.aplico_descuento as aplico_d2_0_0_, pedidocabe0_.direccion as direccio3_0_0_, pedidocabe0_.email as email4_0_0_, pedidocabe0_.estado as estado5_0_0_, pedidocabe0_.fecha_alta as fecha_al6_0_0_, pedidocabe0_.horario as horario7_0_0_, pedidocabe0_.monto_total as monto_to8_0_0_, pedidocabe0_.telefono as telefono9_0_0_ from pedidos_cabecera pedidocabe0_ where pedidocabe0_.id=?
Hibernate: select pedidocabe0_.id as id1_0_0_, pedidocabe0_.aplico_descuento as aplico_d2_0_0_, pedidocabe0_.direccion as direccio3_0_0_, pedidocabe0_.email as email4_0_0_, pedidocabe0_.estado as estado5_0_0_, pedidocabe0_.fecha_alta as fecha_al6_0_0_, pedidocabe0_.horario as horario7_0_0_, pedidocabe0_.monto_total as monto_to8_0_0_, pedidocabe0_.telefono as telefono9_0_0_ from pedidos_cabecera pedidocabe0_ where pedidocabe0_.id=?
Hibernate: select pedidocabe0_.id as id1_0_0_, pedidocabe0_.aplico_descuento as aplico_d2_0_0_, pedidocabe0_.direccion as direccio3_0_0_, pedidocabe0_.email as email4_0_0_, pedidocabe0_.estado as estado5_0_0_, pedidocabe0_.fecha_alta as fecha_al6_0_0_, pedidocabe0_.horario as horario7_0_0_, pedidocabe0_.monto_total as monto_to8_0_0_, pedidocabe0_.telefono as telefono9_0_0_ from pedidos_cabecera pedidocabe0_ where pedidocabe0_.id=?
Hibernate: delete from pedidos_detalle where id=?
Hibernate: delete from pedidos_detalle where id=?
Hibernate: delete from pedidos_detalle where id=?
Hibernate: delete from pedidos_detalle where id=?
Hibernate: delete from pedidos_detalle where id=?
Hibernate: delete from pedidos_detalle where id=?
Hibernate: delete from pedidos_detalle where id=?
Hibernate: delete from pedidos_detalle where id=?
]]></system-out>
  </testcase>
  <testcase name="contextLoads" classname="com.mercantil.example.mercantiltest.MercantiltestApplicationTests" time="0.003">
    <system-out><![CDATA[Hibernate: select pedidodeta0_.id as id1_1_, pedidodeta0_.cantidad as cantidad2_1_, pedidodeta0_.pedido_cabecera_id as pedido_c4_1_, pedidodeta0_.precio_unitario as precio_u3_1_, pedidodeta0_.producto_id as producto5_1_ from pedidos_detalle pedidodeta0_
]]></system-out>
  </testcase>
</testsuite>